<?xml version="1.0" encoding="UTF-8"?>
<!-- Generated by org.testng.reporters.JUnitReportReporter -->
<testsuite hostname="LIN-5CG0148J7S" failures="0" tests="2" name="TestRunner.CucumberTestRunnerForTags" time="0.136" errors="0" timestamp="2024-08-07T17:42:38 IST" skipped="0">
  <testcase classname="TestRunner.CucumberTestRunnerForTags" name="runScenario" time="0.009"/>
  <testcase classname="TestRunner.CucumberTestRunnerForTags" name="runScenario" time="0.127"/>
</testsuite> <!-- TestRunner.CucumberTestRunnerForTags -->
